<?xml version="1.0" encoding="UTF-8"?>
<!-- Generated by org.testng.reporters.JUnitReportReporter -->
<testsuite skipped="0" hostname="DESKTOP-45EP332" name="test.RobotTest" tests="1" failures="0" timestamp="2021-12-22T11:53:06 IST" time="57.754" errors="0">
  <testcase name="launchGoogle" time="57.754" classname="test.RobotTest"/>
  <system-out/>
</testsuite> <!-- test.RobotTest -->
