<?xml version="1.0" encoding="UTF-8"?>
<!-- Generated by org.testng.reporters.JUnitReportReporter -->
<testsuite hostname="Manul-W" failures="0" tests="1" name="test.DarazSearchSearchTest" time="9.412" errors="0" timestamp="2021-05-20T20:40:58 IST" skipped="0">
  <testcase classname="test.DarazSearchSearchTest" name="googleSearchTest" time="9.412"/>
  <system-out/>
</testsuite> <!-- test.DarazSearchSearchTest -->
