<?xml version="1.0" encoding="UTF-8"?>
<!-- Generated by org.testng.reporters.JUnitReportReporter -->
<testsuite hostname="Manul-W" failures="0" tests="2" name="test.DarazSearchTestNG" time="18.990" errors="0" timestamp="2021-05-27T01:12:44 IST" skipped="0">
  <testcase classname="test.DarazSearchTestNG" name="test1" time="10.719"/>
  <system-out/>
  <testcase classname="test.DarazSearchTestNG" name="test12" time="8.271"/>
  <system-out/>
</testsuite> <!-- test.DarazSearchTestNG -->
