<?xml version="1.0" encoding="UTF-8"?>
<!-- Generated by org.testng.reporters.JUnitReportReporter -->
<testsuite hostname="Manul-W" failures="0" tests="1" name="test.PropertiesFileTestNG" time="11.029" errors="0" timestamp="2021-05-25T02:10:48 IST" skipped="0">
  <testcase classname="test.PropertiesFileTestNG" name="test1" time="11.029"/>
  <system-out/>
</testsuite> <!-- test.PropertiesFileTestNG -->
