<?xml version="1.0" encoding="UTF-8"?>
<!-- Generated by org.testng.reporters.JUnitReportReporter -->
<testsuite hostname="Manul-W" failures="0" tests="2" name="test.ExtendReportTestNG" time="31.680" errors="0" timestamp="2021-05-23T16:49:29 IST" skipped="0">
  <testcase classname="test.ExtendReportTestNG" name="test2" time="21.989"/>
  <system-out/>
  <testcase classname="test.ExtendReportTestNG" name="test1" time="9.691"/>
  <system-out/>
</testsuite> <!-- test.ExtendReportTestNG -->
