<?xml version="1.0" encoding="UTF-8"?>
<!-- Generated by org.testng.reporters.JUnitReportReporter -->
<testsuite hostname="Manul-W" failures="0" tests="1" name="test.TestingXML" time="10.271" errors="0" timestamp="2021-06-17T21:06:49 IST" skipped="0">
  <testcase classname="test.TestingXML" name="googleSearchTest" time="10.271"/>
  <system-out/>
</testsuite> <!-- test.TestingXML -->
